<?xml version="1.0" encoding="UTF-8"?>
<testsuite name="FizzBuzzTest" tests="1" skipped="0" failures="0" errors="0" timestamp="2021-11-18T13:56:42" hostname="DBS-NOTE-364" time="0.042">
  <properties/>
  <testcase name="imprimeValor()" classname="FizzBuzzTest" time="0.042"/>
  <system-out><![CDATA[1 e 1
2 e 2
0 e 3
1 e 4
2 e 0
0 e 1
1 e 2
2 e 3
0 e 4
1 e 0
2 e 1
0 e 2
1 e 3
2 e 4
0 e 0
]]></system-out>
  <system-err><![CDATA[]]></system-err>
</testsuite>
